[0905/205322.958:ERROR:process_reader_win.cc(123)] NtOpenThread: {Access Denied} A process has requested access to an object, but has not been granted those access rights. (0xc0000022)
[0905/205322.960:ERROR:exception_snapshot_win.cc(99)] thread ID 30660 not found in process
[0905/205322.996:ERROR:process_reader_win.cc(123)] NtOpenThread: {Access Denied} A process has requested access to an object, but has not been granted those access rights. (0xc0000022)
[0905/205322.996:ERROR:exception_snapshot_win.cc(99)] thread ID 26672 not found in process
[0905/205929.631:ERROR:process_reader_win.cc(123)] NtOpenThread: {Access Denied} A process has requested access to an object, but has not been granted those access rights. (0xc0000022)
[0905/205929.638:ERROR:exception_snapshot_win.cc(99)] thread ID 26832 not found in process
[0905/205929.660:ERROR:process_reader_win.cc(123)] NtOpenThread: {Access Denied} A process has requested access to an object, but has not been granted those access rights. (0xc0000022)
[0905/205929.660:ERROR:exception_snapshot_win.cc(99)] thread ID 288 not found in process
[0905/220353.505:ERROR:process_reader_win.cc(123)] NtOpenThread: {Access Denied} A process has requested access to an object, but has not been granted those access rights. (0xc0000022)
[0905/220353.508:ERROR:exception_snapshot_win.cc(99)] thread ID 39400 not found in process
[0905/220353.547:ERROR:process_reader_win.cc(123)] NtOpenThread: {Access Denied} A process has requested access to an object, but has not been granted those access rights. (0xc0000022)
[0905/220353.547:ERROR:exception_snapshot_win.cc(99)] thread ID 35052 not found in process
[0905/221240.189:ERROR:process_reader_win.cc(123)] NtOpenThread: {Access Denied} A process has requested access to an object, but has not been granted those access rights. (0xc0000022)
[0905/221240.191:ERROR:exception_snapshot_win.cc(99)] thread ID 40472 not found in process
[0905/221240.245:ERROR:process_reader_win.cc(123)] NtOpenThread: {Access Denied} A process has requested access to an object, but has not been granted those access rights. (0xc0000022)
[0905/221240.245:ERROR:exception_snapshot_win.cc(99)] thread ID 39904 not found in process
[0905/222515.818:ERROR:process_reader_win.cc(123)] NtOpenThread: {Access Denied} A process has requested access to an object, but has not been granted those access rights. (0xc0000022)
[0905/222515.821:ERROR:exception_snapshot_win.cc(99)] thread ID 13692 not found in process
[0905/222515.888:ERROR:process_reader_win.cc(123)] NtOpenThread: {Access Denied} A process has requested access to an object, but has not been granted those access rights. (0xc0000022)
[0905/222515.889:ERROR:exception_snapshot_win.cc(99)] thread ID 40204 not found in process
[0906/130624.122:ERROR:process_info.cc(359)] UncheckedAllocate
[0906/130658.118:ERROR:process_info.cc(359)] UncheckedAllocate
[0906/130700.536:ERROR:filesystem_win.cc(148)] DeleteFile C:\Users\VERUSH~1\AppData\Local\Temp\scoped_dir24104_1844102196\Crashpad\reports\d96d342f-6fa9-4779-944f-ef3b0123248f.dmp: The process cannot access the file because it is being used by another process. (0x20)
[0906/130700.620:ERROR:process_info.cc(359)] UncheckedAllocate
[0906/131225.476:ERROR:process_reader_win.cc(123)] NtOpenThread: {Access Denied} A process has requested access to an object, but has not been granted those access rights. (0xc0000022)
[0906/131225.482:ERROR:exception_snapshot_win.cc(99)] thread ID 28756 not found in process
[0906/131225.531:ERROR:process_reader_win.cc(123)] NtOpenThread: {Access Denied} A process has requested access to an object, but has not been granted those access rights. (0xc0000022)
[0906/131225.531:ERROR:exception_snapshot_win.cc(99)] thread ID 23056 not found in process
[0906/131944.373:ERROR:process_reader_win.cc(123)] NtOpenThread: {Access Denied} A process has requested access to an object, but has not been granted those access rights. (0xc0000022)
[0906/131944.381:ERROR:exception_snapshot_win.cc(99)] thread ID 32752 not found in process
[0906/131944.415:ERROR:process_reader_win.cc(123)] NtOpenThread: {Access Denied} A process has requested access to an object, but has not been granted those access rights. (0xc0000022)
[0906/131944.420:ERROR:exception_snapshot_win.cc(99)] thread ID 32516 not found in process
[0906/132424.660:ERROR:process_reader_win.cc(123)] NtOpenThread: {Access Denied} A process has requested access to an object, but has not been granted those access rights. (0xc0000022)
[0906/132424.667:ERROR:exception_snapshot_win.cc(99)] thread ID 43188 not found in process
[0906/132424.709:ERROR:process_reader_win.cc(123)] NtOpenThread: {Access Denied} A process has requested access to an object, but has not been granted those access rights. (0xc0000022)
[0906/132424.709:ERROR:exception_snapshot_win.cc(99)] thread ID 45092 not found in process
[0906/133713.859:ERROR:process_reader_win.cc(123)] NtOpenThread: {Access Denied} A process has requested access to an object, but has not been granted those access rights. (0xc0000022)
[0906/133713.861:ERROR:exception_snapshot_win.cc(99)] thread ID 41296 not found in process
[0906/133713.908:ERROR:process_reader_win.cc(123)] NtOpenThread: {Access Denied} A process has requested access to an object, but has not been granted those access rights. (0xc0000022)
[0906/133713.908:ERROR:exception_snapshot_win.cc(99)] thread ID 41532 not found in process
[0906/134853.548:ERROR:process_reader_win.cc(123)] NtOpenThread: {Access Denied} A process has requested access to an object, but has not been granted those access rights. (0xc0000022)
[0906/134853.549:ERROR:exception_snapshot_win.cc(99)] thread ID 47664 not found in process
[0906/134941.701:ERROR:process_reader_win.cc(151)] SuspendThread: Access is denied. (0x5)
[0906/134941.704:ERROR:process_reader_win.cc(151)] SuspendThread: Access is denied. (0x5)
[0906/134941.704:ERROR:process_reader_win.cc(123)] NtOpenThread: {Access Denied} A process has requested access to an object, but has not been granted those access rights. (0xc0000022)
[0906/134941.705:ERROR:exception_snapshot_win.cc(99)] thread ID 32180 not found in process
[0906/134941.725:ERROR:process_reader_win.cc(123)] NtOpenThread: {Access Denied} A process has requested access to an object, but has not been granted those access rights. (0xc0000022)
[0906/134941.725:ERROR:exception_snapshot_win.cc(99)] thread ID 47248 not found in process
[0906/135249.761:ERROR:process_reader_win.cc(123)] NtOpenThread: {Access Denied} A process has requested access to an object, but has not been granted those access rights. (0xc0000022)
[0906/135249.763:ERROR:exception_snapshot_win.cc(99)] thread ID 32888 not found in process
[0906/135249.794:ERROR:process_reader_win.cc(123)] NtOpenThread: {Access Denied} A process has requested access to an object, but has not been granted those access rights. (0xc0000022)
[0906/135249.794:ERROR:exception_snapshot_win.cc(99)] thread ID 30224 not found in process
[0908/130525.414:ERROR:process_reader_win.cc(123)] NtOpenThread: {Access Denied} A process has requested access to an object, but has not been granted those access rights. (0xc0000022)
[0908/130525.513:ERROR:exception_snapshot_win.cc(99)] thread ID 13964 not found in process
[0908/130725.478:ERROR:process_reader_win.cc(123)] NtOpenThread: {Access Denied} A process has requested access to an object, but has not been granted those access rights. (0xc0000022)
[0908/130725.480:ERROR:exception_snapshot_win.cc(99)] thread ID 4744 not found in process
[0908/130725.500:ERROR:process_reader_win.cc(123)] NtOpenThread: {Access Denied} A process has requested access to an object, but has not been granted those access rights. (0xc0000022)
[0908/130725.501:ERROR:exception_snapshot_win.cc(99)] thread ID 21752 not found in process
[0908/135212.342:ERROR:process_reader_win.cc(123)] NtOpenThread: {Access Denied} A process has requested access to an object, but has not been granted those access rights. (0xc0000022)
[0908/135212.348:ERROR:exception_snapshot_win.cc(99)] thread ID 16068 not found in process
[0908/135212.392:ERROR:process_reader_win.cc(123)] NtOpenThread: {Access Denied} A process has requested access to an object, but has not been granted those access rights. (0xc0000022)
[0908/135212.392:ERROR:exception_snapshot_win.cc(99)] thread ID 11636 not found in process
[0908/135441.633:ERROR:process_reader_win.cc(123)] NtOpenThread: {Access Denied} A process has requested access to an object, but has not been granted those access rights. (0xc0000022)
[0908/135441.635:ERROR:exception_snapshot_win.cc(99)] thread ID 20060 not found in process
[0908/135441.672:ERROR:process_reader_win.cc(123)] NtOpenThread: {Access Denied} A process has requested access to an object, but has not been granted those access rights. (0xc0000022)
[0908/135441.672:ERROR:exception_snapshot_win.cc(99)] thread ID 5944 not found in process
[0908/135519.727:ERROR:process_reader_win.cc(123)] NtOpenThread: {Access Denied} A process has requested access to an object, but has not been granted those access rights. (0xc0000022)
[0908/135519.729:ERROR:exception_snapshot_win.cc(99)] thread ID 18764 not found in process
[0908/135519.743:ERROR:process_reader_win.cc(123)] NtOpenThread: {Access Denied} A process has requested access to an object, but has not been granted those access rights. (0xc0000022)
[0908/135519.743:ERROR:exception_snapshot_win.cc(99)] thread ID 6448 not found in process
[0908/140014.361:ERROR:process_reader_win.cc(123)] NtOpenThread: {Access Denied} A process has requested access to an object, but has not been granted those access rights. (0xc0000022)
[0908/140014.364:ERROR:exception_snapshot_win.cc(99)] thread ID 8764 not found in process
[0908/140014.402:ERROR:process_reader_win.cc(123)] NtOpenThread: {Access Denied} A process has requested access to an object, but has not been granted those access rights. (0xc0000022)
[0908/140014.402:ERROR:exception_snapshot_win.cc(99)] thread ID 2208 not found in process
[0908/140315.668:ERROR:process_reader_win.cc(123)] NtOpenThread: {Access Denied} A process has requested access to an object, but has not been granted those access rights. (0xc0000022)
[0908/140315.673:ERROR:exception_snapshot_win.cc(99)] thread ID 21824 not found in process
[0908/140315.689:ERROR:process_reader_win.cc(123)] NtOpenThread: {Access Denied} A process has requested access to an object, but has not been granted those access rights. (0xc0000022)
[0908/140315.689:ERROR:exception_snapshot_win.cc(99)] thread ID 8144 not found in process
[0908/212619.150:ERROR:process_reader_win.cc(123)] NtOpenThread: {Access Denied} A process has requested access to an object, but has not been granted those access rights. (0xc0000022)
[0908/212619.152:ERROR:exception_snapshot_win.cc(99)] thread ID 17804 not found in process
[0908/212619.152:ERROR:process_reader_win.cc(123)] NtOpenThread: {Access Denied} A process has requested access to an object, but has not been granted those access rights. (0xc0000022)
[0908/212619.152:ERROR:exception_snapshot_win.cc(99)] thread ID 22960 not found in process
[0908/212619.166:ERROR:process_reader_win.cc(123)] NtOpenThread: {Access Denied} A process has requested access to an object, but has not been granted those access rights. (0xc0000022)
[0908/212619.166:ERROR:exception_snapshot_win.cc(99)] thread ID 1964 not found in process
[0908/213449.893:ERROR:process_reader_win.cc(123)] NtOpenThread: {Access Denied} A process has requested access to an object, but has not been granted those access rights. (0xc0000022)
[0908/213449.905:ERROR:exception_snapshot_win.cc(99)] thread ID 15344 not found in process
[0908/213449.918:ERROR:process_reader_win.cc(123)] NtOpenThread: {Access Denied} A process has requested access to an object, but has not been granted those access rights. (0xc0000022)
[0908/213449.918:ERROR:exception_snapshot_win.cc(99)] thread ID 22768 not found in process
[0908/213603.725:ERROR:process_reader_win.cc(123)] NtOpenThread: {Access Denied} A process has requested access to an object, but has not been granted those access rights. (0xc0000022)
[0908/213603.726:ERROR:exception_snapshot_win.cc(99)] thread ID 20772 not found in process
[0908/213603.739:ERROR:process_reader_win.cc(123)] NtOpenThread: {Access Denied} A process has requested access to an object, but has not been granted those access rights. (0xc0000022)
[0908/213603.740:ERROR:exception_snapshot_win.cc(99)] thread ID 21664 not found in process
[0908/213823.432:ERROR:process_reader_win.cc(123)] NtOpenThread: {Access Denied} A process has requested access to an object, but has not been granted those access rights. (0xc0000022)
[0908/213823.434:ERROR:exception_snapshot_win.cc(99)] thread ID 3208 not found in process
[0908/213823.496:ERROR:process_reader_win.cc(123)] NtOpenThread: {Access Denied} A process has requested access to an object, but has not been granted those access rights. (0xc0000022)
[0908/213823.496:ERROR:exception_snapshot_win.cc(99)] thread ID 6396 not found in process
[0908/214322.658:ERROR:process_reader_win.cc(123)] NtOpenThread: {Access Denied} A process has requested access to an object, but has not been granted those access rights. (0xc0000022)
[0908/214322.660:ERROR:exception_snapshot_win.cc(99)] thread ID 19812 not found in process
[0908/214322.686:ERROR:process_reader_win.cc(123)] NtOpenThread: {Access Denied} A process has requested access to an object, but has not been granted those access rights. (0xc0000022)
[0908/214322.686:ERROR:exception_snapshot_win.cc(99)] thread ID 1700 not found in process
[0908/214750.240:ERROR:process_reader_win.cc(123)] NtOpenThread: {Access Denied} A process has requested access to an object, but has not been granted those access rights. (0xc0000022)
[0908/214750.241:ERROR:exception_snapshot_win.cc(99)] thread ID 13308 not found in process
[0908/214750.259:ERROR:process_reader_win.cc(123)] NtOpenThread: {Access Denied} A process has requested access to an object, but has not been granted those access rights. (0xc0000022)
[0908/214750.259:ERROR:exception_snapshot_win.cc(99)] thread ID 20212 not found in process
[0908/215204.761:ERROR:process_reader_win.cc(123)] NtOpenThread: {Access Denied} A process has requested access to an object, but has not been granted those access rights. (0xc0000022)
[0908/215204.763:ERROR:exception_snapshot_win.cc(99)] thread ID 9012 not found in process
[0908/215204.786:ERROR:process_reader_win.cc(123)] NtOpenThread: {Access Denied} A process has requested access to an object, but has not been granted those access rights. (0xc0000022)
[0908/215204.786:ERROR:exception_snapshot_win.cc(99)] thread ID 24472 not found in process
